[debug] [2025-02-16T16:41:59.172Z] ----------------------------------------------------------------------
[debug] [2025-02-16T16:41:59.174Z] Command:       C:\Program Files\nodejs\node.exe C:\Users\91947\AppData\Roaming\npm\node_modules\firebase-tools\lib\bin\firebase.js projects:create --display-name InvoiceApp
[debug] [2025-02-16T16:41:59.175Z] CLI Version:   13.31.1
[debug] [2025-02-16T16:41:59.175Z] Platform:      win32
[debug] [2025-02-16T16:41:59.175Z] Node Version:  v22.13.1
[debug] [2025-02-16T16:41:59.175Z] Time:          Sun Feb 16 2025 22:11:59 GMT+0530 (India Standard Time)
[debug] [2025-02-16T16:41:59.175Z] ----------------------------------------------------------------------
[debug] 
[debug] [2025-02-16T16:41:59.182Z] > command requires scopes: ["email","openid","https://www.googleapis.com/auth/cloudplatformprojects.readonly","https://www.googleapis.com/auth/firebase","https://www.googleapis.com/auth/cloud-platform"]
[debug] [2025-02-16T16:41:59.182Z] > authorizing via signed-in user (kiskuanand2015@gmail.com)
[debug] [2025-02-16T16:43:51.437Z] ----------------------------------------------------------------------
[debug] [2025-02-16T16:43:51.439Z] Command:       C:\Program Files\nodejs\node.exe C:\Users\91947\AppData\Roaming\npm\node_modules\firebase-tools\lib\bin\firebase.js init hosting
[debug] [2025-02-16T16:43:51.439Z] CLI Version:   13.31.1
[debug] [2025-02-16T16:43:51.439Z] Platform:      win32
[debug] [2025-02-16T16:43:51.440Z] Node Version:  v22.13.1
[debug] [2025-02-16T16:43:51.440Z] Time:          Sun Feb 16 2025 22:13:51 GMT+0530 (India Standard Time)
[debug] [2025-02-16T16:43:51.440Z] ----------------------------------------------------------------------
[debug] 
[debug] [2025-02-16T16:43:51.445Z] > command requires scopes: ["email","openid","https://www.googleapis.com/auth/cloudplatformprojects.readonly","https://www.googleapis.com/auth/firebase","https://www.googleapis.com/auth/cloud-platform"]
[debug] [2025-02-16T16:43:51.446Z] > authorizing via signed-in user (kiskuanand2015@gmail.com)
[info] 
     ######## #### ########  ######## ########     ###     ######  ########
     ##        ##  ##     ## ##       ##     ##  ##   ##  ##       ##
     ######    ##  ########  ######   ########  #########  ######  ######
     ##        ##  ##    ##  ##       ##     ## ##     ##       ## ##
     ##       #### ##     ## ######## ########  ##     ##  ######  ########

You're about to initialize a Firebase project in this directory:

  C:\reactjs\InvoiceProject\invoice_app

Before we get started, keep in mind:

  * You are currently outside your home directory

[info] 
=== Project Setup
[info] 
[info] First, let's associate this project directory with a Firebase project.
[info] You can create multiple project aliases by running firebase use --add, 
[info] but for now we'll just set up a default project.
[info] 
[debug] [2025-02-16T16:44:20.657Z] ----------------------------------------------------------------------
[debug] [2025-02-16T16:44:20.660Z] Command:       C:\Program Files\nodejs\node.exe C:\Users\91947\AppData\Roaming\npm\node_modules\firebase-tools\lib\bin\firebase.js init hosting
[debug] [2025-02-16T16:44:20.660Z] CLI Version:   13.31.1
[debug] [2025-02-16T16:44:20.660Z] Platform:      win32
[debug] [2025-02-16T16:44:20.660Z] Node Version:  v22.13.1
[debug] [2025-02-16T16:44:20.660Z] Time:          Sun Feb 16 2025 22:14:20 GMT+0530 (India Standard Time)
[debug] [2025-02-16T16:44:20.661Z] ----------------------------------------------------------------------
[debug] 
[debug] [2025-02-16T16:44:20.666Z] > command requires scopes: ["email","openid","https://www.googleapis.com/auth/cloudplatformprojects.readonly","https://www.googleapis.com/auth/firebase","https://www.googleapis.com/auth/cloud-platform"]
[debug] [2025-02-16T16:44:20.667Z] > authorizing via signed-in user (kiskuanand2015@gmail.com)
[info] 
     ######## #### ########  ######## ########     ###     ######  ########
     ##        ##  ##     ## ##       ##     ##  ##   ##  ##       ##
     ######    ##  ########  ######   ########  #########  ######  ######
     ##        ##  ##    ##  ##       ##     ## ##     ##       ## ##
     ##       #### ##     ## ######## ########  ##     ##  ######  ########

You're about to initialize a Firebase project in this directory:

  C:\reactjs\InvoiceProject\invoice_app

Before we get started, keep in mind:

  * You are currently outside your home directory

[info] 
=== Project Setup
[info] 
[info] First, let's associate this project directory with a Firebase project.
[info] You can create multiple project aliases by running firebase use --add, 
[info] but for now we'll just set up a default project.
[info] 
[info] i  If you want to create a project in a Google Cloud organization or folder, please use "firebase projects:create" instead, and return to this command when you've created the project. 
[debug] [2025-02-16T16:45:12.378Z] Checked if tokens are valid: false, expires at: 1641882941543
[debug] [2025-02-16T16:45:12.378Z] Checked if tokens are valid: false, expires at: 1641882941543
[debug] [2025-02-16T16:45:12.378Z] > refreshing access token with scopes: []
[debug] [2025-02-16T16:45:12.380Z] >>> [apiv2][query] POST https://www.googleapis.com/oauth2/v3/token [none]
[debug] [2025-02-16T16:45:12.380Z] >>> [apiv2][body] POST https://www.googleapis.com/oauth2/v3/token [omitted]
[debug] [2025-02-16T16:45:12.734Z] <<< [apiv2][status] POST https://www.googleapis.com/oauth2/v3/token 400
[debug] [2025-02-16T16:45:12.734Z] <<< [apiv2][body] POST https://www.googleapis.com/oauth2/v3/token [omitted]
[debug] [2025-02-16T16:45:12.734Z] >>> [apiv2][query] POST https://cloudresourcemanager.googleapis.com/v1/projects [none]
[debug] [2025-02-16T16:45:12.735Z] >>> [apiv2][body] POST https://cloudresourcemanager.googleapis.com/v1/projects {"projectId":" MyInvo","name":" MyInvo"}
[debug] [2025-02-16T16:45:14.307Z] <<< [apiv2][status] POST https://cloudresourcemanager.googleapis.com/v1/projects 401
[debug] [2025-02-16T16:45:14.307Z] <<< [apiv2][body] POST https://cloudresourcemanager.googleapis.com/v1/projects {"error":{"code":401,"message":"Request had invalid authentication credentials. Expected OAuth 2 access token, login cookie or other valid authentication credential. See https://developers.google.com/identity/sign-in/web/devconsole-project.","status":"UNAUTHENTICATED","details":[{"@type":"type.googleapis.com/google.rpc.ErrorInfo","reason":"ACCESS_TOKEN_TYPE_UNSUPPORTED","metadata":{"method":"google.cloudresourcemanager.v1.Projects.CreateProject","service":"cloudresourcemanager.googleapis.com"}}]}}
[debug] [2025-02-16T16:45:14.307Z] Got a 401 Unauthenticated error for a call that required authentication. Refreshing tokens.
[debug] [2025-02-16T16:45:14.308Z] Checked if tokens are valid: false, expires at: 1641882941543
[debug] [2025-02-16T16:45:14.308Z] Checked if tokens are valid: false, expires at: 1641882941543
[debug] [2025-02-16T16:45:14.308Z] > refreshing access token with scopes: []
[debug] [2025-02-16T16:45:14.308Z] >>> [apiv2][query] POST https://www.googleapis.com/oauth2/v3/token [none]
[debug] [2025-02-16T16:45:14.308Z] >>> [apiv2][body] POST https://www.googleapis.com/oauth2/v3/token [omitted]
[debug] [2025-02-16T16:45:14.433Z] <<< [apiv2][status] POST https://www.googleapis.com/oauth2/v3/token 400
[debug] [2025-02-16T16:45:14.433Z] <<< [apiv2][body] POST https://www.googleapis.com/oauth2/v3/token [omitted]
[debug] [2025-02-16T16:45:14.727Z] FirebaseError: Request to https://cloudresourcemanager.googleapis.com/v1/projects had HTTP Error: 401, Request had invalid authentication credentials. Expected OAuth 2 access token, login cookie or other valid authentication credential. See https://developers.google.com/identity/sign-in/web/devconsole-project.
    at responseToError (C:\Users\91947\AppData\Roaming\npm\node_modules\firebase-tools\lib\responseToError.js:52:12)
    at RetryOperation._fn (C:\Users\91947\AppData\Roaming\npm\node_modules\firebase-tools\lib\apiv2.js:312:77)
    at process.processTicksAndRejections (node:internal/process/task_queues:105:5)
[error] 
[error] Error: Failed to create project. See firebase-debug.log for more info.
